2013-11-12 14:55:23,730 - sauce_connect:0 - INFO - GET http://www.findaport.com/images/fap_logo_white.jpg -> 200 (707ms)
2013-11-12 14:55:23,750 - sauce_connect:0 - INFO - GET http://www.findaport.com/images/welcome_bg.gif -> 200 (713ms)
2013-11-12 14:55:23,782 - sauce_connect:0 - INFO - GET http://twitter-badges.s3.amazonaws.com/twitter-a.png -> 200 (746ms)
2013-11-12 14:55:23,950 - sauce_connect:0 - INFO - GET http://www.findaport.com/images/main_link_signup.gif -> 200 (457ms)
2013-11-12 14:55:23,950 - sauce_connect:0 - INFO - GET http://www.findaport.com/images/button_border_left.gif -> 200 (262ms)
2013-11-12 14:55:23,953 - sauce_connect:0 - INFO - GET http://www.findaport.com/javascripts/lib/smoothscrolling.js?1347359654 -> 200 (451ms)
2013-11-12 14:55:24,007 - sauce_connect:0 - INFO - GET http://www.findaport.com/images/welcome_repeat_bg.gif -> 200 (970ms)
2013-11-12 14:55:24,065 - sauce_connect:0 - INFO - GET http://www.findaport.com/images/button_divider.gif -> 200 (1031ms)
2013-11-12 14:55:24,121 - sauce_connect:0 - INFO - GET http://www.findaport.com/images/home_map_ani.gif?1347359654 -> 200 (1099ms)
2013-11-12 14:55:24,144 - sauce_connect:0 - INFO - GET http://www.findaport.com/images/button_border_right.gif -> 200 (259ms)
2013-11-12 14:55:24,209 - sauce_connect:0 - INFO - GET http://www.findaport.com/images/inner_tr.gif -> 200 (1171ms)
2013-11-12 14:55:24,210 - sauce_connect:0 - INFO - GET http://www.findaport.com/images/inner_tl.gif -> 200 (1172ms)
2013-11-12 14:55:24,259 - sauce_connect:0 - INFO - GET http://www.findaport.com/images/inner_bl.gif -> 200 (1063ms)
2013-11-12 14:55:24,322 - sauce_connect:0 - INFO - GET http://www.findaport.com/images/button_border_bottom.gif -> 200 (260ms)
2013-11-12 14:55:24,332 - sauce_connect:0 - INFO - GET http://www.findaport.com/images/t.gif -> 200 (253ms)
2013-11-12 14:55:24,332 - sauce_connect:0 - INFO - GET http://www.findaport.com/images/bluebox_b.gif -> 200 (259ms)
2013-11-12 14:55:24,335 - sauce_connect:0 - INFO - GET http://www.findaport.com/images/tl.gif -> 200 (257ms)
2013-11-12 14:55:24,595 - sauce_connect:0 - INFO - GET http://www.findaport.com/images/inner_br.gif -> 200 (1400ms)
2013-11-12 14:55:24,596 - sauce_connect:0 - INFO - GET http://www.findaport.com/images/footer_bg.gif -> 200 (1399ms)
2013-11-12 14:55:24,655 - sauce_connect:0 - INFO - GET http://www.findaport.com/images/main_link_info.gif -> 200 (1458ms)
2013-11-12 14:55:24,703 - sauce_connect:0 - INFO - GET http://www.findaport.com/images/welcome_bullet_ff.gif -> 200 (1508ms)
2013-11-12 14:55:24,905 - sauce_connect:0 - INFO - GET http://www.findaport.com/images/b.gif -> 200 (258ms)
2013-11-12 14:55:24,907 - sauce_connect:0 - INFO - GET http://www.findaport.com/images/tr.gif -> 200 (259ms)
2013-11-12 14:55:25,095 - sauce_connect:0 - INFO - GET http://www.findaport.com/images/bl.gif -> 200 (255ms)
2013-11-12 14:55:25,905 - sauce_connect:0 - INFO - GET http://www.findaport.com/images/br.gif -> 200 (273ms)
2013-11-12 14:55:26,170 - sauce_connect:0 - INFO - GET http://www.findaport.com/images/main_link_tour.gif -> 200 (447ms)
2013-11-12 14:55:26,276 - sauce_connect:0 - INFO - GET http://www.findaport.com/images/main_link_faq.gif -> 200 (450ms)
2013-11-12 14:55:26,871 - sauce_connect:0 - INFO - GET http://www.google-analytics.com/__utm.gif?utmwv=5.4.5&utms=1&utmn=17253228&utmhn=www.findaport.com&utmcs=utf-8&utmsr=1024x768&utmvp=1004x638&utmsc=24-bit&utmul=en-us&utmje=1&utmfl=11.9%20r900&utmdt=Findaport.com%20%E2%80%93%20Online%20Port%20Information&utmhid=702285439&utmr=-&utmp=%2F&utmht=1384239322984&utmac=UA-6463293-7&utmcc=__utma%3D138490404.970576244.1384239323.1384239323.1384239323.1%3B%2B__utmz%3D138490404.1384239323.1.1.utmcsr%3D(direct)%7Cutmccn%3D(direct)%7Cutmcmd%3D(none)%3B&utmu=q~ -> 200 (1045ms)
2013-11-12 14:55:26,969 - sauce_connect:0 - INFO - GET http://www.findaport.com/favicon.ico -> 200 (447ms)
2013-11-12 14:55:27,036 - sauce_connect:0 - INFO - GET http://www.findaport.com/stylesheets/spinner.gif -> 404 (454ms)
2013-11-12 14:55:27,045 - sauce_connect:0 - INFO - GET http://www.findaport.com/images/loading.gif -> 200 (453ms)
2013-11-12 14:55:27,167 - sauce_connect:0 - INFO - GET http://www.findaport.com/images/closelabel.gif -> 200 (452ms)
2013-11-12 14:55:27,894 - sauce_connect:0 - INFO - GET http://www.findaport.com/welcome -> 200 (459ms)
2013-11-12 14:55:39,365 - sauce_connect:0 - INFO - GET http://www.findaport.com/ -> 200 (720ms)
2013-11-12 14:55:40,082 - sauce_connect:0 - INFO - GET http://www.findaport.com/javascripts/prototype.js?1347359655 -> 200 (457ms)
2013-11-12 14:55:40,328 - sauce_connect:0 - INFO - GET http://www.findaport.com/stylesheets/modalbox.css?1383815211 -> 200 (513ms)
2013-11-12 14:55:40,342 - sauce_connect:0 - INFO - GET http://www.findaport.com/javascripts/effects.js?1347359654 -> 200 (700ms)
2013-11-12 14:55:40,361 - sauce_connect:0 - INFO - GET http://www.findaport.com/javascripts/controls.js?1347359654 -> 200 (699ms)
2013-11-12 14:55:40,519 - sauce_connect:0 - INFO - GET http://www.findaport.com/javascripts/builder.js?1347359654 -> 200 (702ms)
2013-11-12 14:55:40,525 - sauce_connect:0 - INFO - GET http://www.findaport.com/javascripts/dragdrop.js?1347359654 -> 200 (708ms)
2013-11-12 14:55:41,394 - sauce_connect:0 - INFO - GET http://www.findaport.com/stylesheets/tabs.css?1347359655 -> 200 (254ms)
2013-11-12 14:55:41,591 - sauce_connect:0 - INFO - GET http://www.findaport.com/stylesheets/lightbox.css?1360656752 -> 200 (258ms)
2013-11-12 14:55:41,783 - sauce_connect:0 - INFO - GET http://www.findaport.com/stylesheets/base.css?1383815211 -> 200 (451ms)
2013-11-12 14:55:41,976 - sauce_connect:0 - INFO - GET http://www.findaport.com/stylesheets/pages.css?1383815211 -> 200 (450ms)
2013-11-12 14:55:42,046 - sauce_connect:0 - INFO - GET http://www.findaport.com/stylesheets/new_pages.css?1349336545 -> 200 (449ms)
2013-11-12 14:55:42,164 - sauce_connect:0 - INFO - GET http://www.findaport.com/stylesheets/ports_and_countries.css?1375685168 -> 200 (446ms)
2013-11-12 14:55:42,263 - sauce_connect:0 - INFO - GET http://www.findaport.com/stylesheets/formtastic_custom.css?1383815211 -> 200 (253ms)
2013-11-12 14:55:42,359 - sauce_connect:0 - INFO - GET http://www.findaport.com/stylesheets/search_and_dashboard.css?1375685168 -> 200 (447ms)
2013-11-12 14:55:42,552 - sauce_connect:0 - INFO - GET http://www.findaport.com/stylesheets/tooltipster/tooltipster.css?1375685168 -> 200 (447ms)
2013-11-12 14:55:42,553 - sauce_connect:0 - INFO - GET http://www.findaport.com/stylesheets/tooltipster-findaport.css?1375685168 -> 200 (257ms)
2013-11-12 14:55:42,861 - sauce_connect:0 - INFO - GET http://www.findaport.com/stylesheets/leaflet.css?1375685167 -> 200 (446ms)
2013-11-12 14:55:42,941 - sauce_connect:0 - INFO - GET http://www.findaport.com/stylesheets/map.css?1375685167 -> 200 (447ms)
2013-11-12 14:55:43,030 - sauce_connect:0 - INFO - GET http://www.findaport.com/javascripts/rails.js?1347359655 -> 200 (447ms)
2013-11-12 14:55:43,134 - sauce_connect:0 - INFO - GET http://www.findaport.com/javascripts/lib/cookies.js?1347359654 -> 200 (445ms)
2013-11-12 14:55:43,140 - sauce_connect:0 - INFO - GET http://www.findaport.com/javascripts/lib/zenpow/string.js?1347359655 -> 200 (258ms)
2013-11-12 14:55:43,336 - sauce_connect:0 - INFO - GET http://www.findaport.com/javascripts/lib/zenpow/array.js?1347359655 -> 200 (251ms)
2013-11-12 14:55:43,446 - sauce_connect:0 - INFO - GET http://www.findaport.com/javascripts/lib/zenpow/form.js?1347359655 -> 200 (252ms)
2013-11-12 14:55:43,532 - sauce_connect:0 - INFO - GET http://www.findaport.com/javascripts/lib/zenpow/utils.js?1375685167 -> 200 (254ms)
2013-11-12 14:55:43,611 - sauce_connect:0 - INFO - GET http://www.findaport.com/javascripts/user_interface/config.js?1375685167 -> 200 (254ms)
2013-11-12 14:55:43,726 - sauce_connect:0 - INFO - GET http://www.findaport.com/javascripts/user_interface/welcome_message.js?1347359655 -> 200 (253ms)
2013-11-12 14:55:43,917 - sauce_connect:0 - INFO - GET http://www.findaport.com/javascripts/utils.js?1375685167 -> 200 (253ms)
2013-11-12 14:55:44,131 - sauce_connect:0 - INFO - GET http://www.findaport.com/javascripts/lib/modalbox.js?1383815211 -> 200 (447ms)
2013-11-12 14:55:44,279 - sauce_connect:0 - INFO - GET http://www.findaport.com/javascripts/lib/underscore-min.js?1375685167 -> 200 (446ms)
2013-11-12 14:55:44,283 - sauce_connect:0 - INFO - GET http://www.findaport.com/javascripts/lib/lightboxSEB_custom.js?1347359654 -> 200 (450ms)
2013-11-12 14:55:44,319 - sauce_connect:0 - INFO - GET http://www.findaport.com/javascripts/lib/jquery-1.7.2.min.js?1349336545 -> 200 (459ms)
2013-11-12 14:55:44,703 - sauce_connect:0 - INFO - GET http://www.findaport.com/javascripts/jquery_setup.js?1349336545 -> 200 (253ms)
2013-11-12 14:55:44,703 - sauce_connect:0 - INFO - GET http://www.findaport.com/javascripts/lib/jquery.ba-bbq.min.js?1375685167 -> 200 (446ms)
2013-11-12 14:55:44,707 - sauce_connect:0 - INFO - GET http://www.findaport.com/javascripts/lib/jquery-ui/jquery-ui.js?1375685167 -> 200 (656ms)
2013-11-12 14:55:44,897 - sauce_connect:0 - INFO - GET http://www.findaport.com/javascripts/fap/helpers.js?1349336545 -> 200 (253ms)
2013-11-12 14:55:44,983 - sauce_connect:0 - INFO - GET http://www.findaport.com/javascripts/lib/jquery.validate.min.js?1349336545 -> 200 (448ms)
2013-11-12 14:55:45,479 - sauce_connect:0 - INFO - GET http://www.findaport.com/javascripts/lib/jquery.tooltipster.js?1375685167 -> 200 (449ms)
2013-11-12 14:55:46,233 - sauce_connect:0 - INFO - GET http://www.findaport.com/javascripts/fap_init.js?1375685167 -> 200 (254ms)
2013-11-12 14:55:46,424 - sauce_connect:0 - INFO - GET http://www.findaport.com/javascripts/lib/smoothscrolling.js?1347359654 -> 200 (446ms)
2013-11-12 14:55:46,742 - sauce_connect:0 - INFO - GET http://www.findaport.com/images/icons/rss_blue.gif?1347359654 -> 200 (256ms)
2013-11-12 14:55:46,937 - sauce_connect:0 - INFO - GET http://www.findaport.com/images/sampleport.png?1375685313 -> 200 (451ms)
2013-11-12 14:55:46,941 - sauce_connect:0 - INFO - GET http://www.findaport.com/images/findaport_logo.jpg?1360656752 -> 200 (456ms)
2013-11-12 14:55:46,943 - sauce_connect:0 - INFO - GET http://www.findaport.com/images/freetrial.png?1375685313 -> 200 (457ms)
2013-11-12 14:55:46,944 - sauce_connect:0 - INFO - GET http://www.findaport.com/images/rightarrow.png?1375685313 -> 200 (457ms)
2013-11-12 14:55:47,072 - sauce_connect:0 - INFO - GET http://www.google-analytics.com/ga.js -> 200 (586ms)
2013-11-12 14:55:47,174 - sauce_connect:0 - INFO - GET http://www.findaport.com/images/button_border_left.gif -> 200 (503ms)
2013-11-12 14:55:47,311 - sauce_connect:0 - INFO - GET http://www.findaport.com/images/button_border_background.gif -> 200 (254ms)
2013-11-12 14:55:47,417 - sauce_connect:0 - INFO - GET http://www.findaport.com/images/button_button.gif -> 200 (253ms)
2013-11-12 14:55:47,503 - sauce_connect:0 - INFO - GET http://www.findaport.com/images/button_border_right.gif -> 200 (253ms)
2013-11-12 14:55:47,503 - sauce_connect:0 - INFO - GET http://www.findaport.com/images/button_divider.gif -> 200 (254ms)
2013-11-12 14:55:47,696 - sauce_connect:0 - INFO - GET http://www.findaport.com/images/button_border_bottom.gif -> 200 (252ms)
2013-11-12 14:55:47,881 - sauce_connect:0 - INFO - GET http://www.findaport.com/images/bluebox_t.gif -> 200 (252ms)
2013-11-12 14:55:47,888 - sauce_connect:0 - INFO - GET http://www.findaport.com/images/bluebox_b.gif -> 200 (252ms)
2013-11-12 14:55:48,010 - sauce_connect:0 - INFO - GET http://twitter-badges.s3.amazonaws.com/twitter-a.png -> 200 (1341ms)
2013-11-12 14:55:48,076 - sauce_connect:0 - INFO - GET http://www.findaport.com/images/t.gif -> 200 (252ms)
2013-11-12 14:55:48,285 - sauce_connect:0 - INFO - GET http://www.findaport.com/images/tl.gif -> 200 (263ms)
2013-11-12 14:55:48,476 - sauce_connect:0 - INFO - GET http://www.findaport.com/images/tr.gif -> 200 (257ms)
2013-11-12 14:55:48,530 - sauce_connect:0 - INFO - GET http://www.findaport.com/images/welcome_repeat_bg.gif -> 200 (253ms)
2013-11-12 14:55:48,710 - sauce_connect:0 - INFO - GET http://www.findaport.com/images/home_map_ani.gif?1347359654 -> 200 (687ms)
2013-11-12 14:55:48,859 - sauce_connect:0 - INFO - GET http://www.findaport.com/images/inner_tl.gif -> 200 (253ms)
2013-11-12 14:55:48,864 - sauce_connect:0 - INFO - GET http://www.findaport.com/images/welcome_bg.gif -> 200 (452ms)
2013-11-12 14:55:48,977 - sauce_connect:0 - INFO - GET http://www.findaport.com/images/inner_tr.gif -> 200 (272ms)
2013-11-12 14:55:49,055 - sauce_connect:0 - INFO - GET http://www.findaport.com/images/inner_bl.gif -> 200 (252ms)
2013-11-12 14:55:49,576 - sauce_connect:0 - INFO - GET http://www.findaport.com/images/inner_br.gif -> 200 (265ms)
2013-11-12 14:55:49,779 - sauce_connect:0 - INFO - GET http://www.findaport.com/images/b.gif -> 200 (255ms)
2013-11-12 14:55:49,959 - sauce_connect:0 - INFO - GET http://www.findaport.com/images/bl.gif -> 200 (254ms)
2013-11-12 14:55:49,959 - sauce_connect:0 - INFO - GET http://www.findaport.com/images/br.gif -> 200 (254ms)
2013-11-12 14:55:49,970 - sauce_connect:0 - INFO - GET http://www.findaport.com/images/welcome_bullet_ff.gif -> 200 (447ms)
2013-11-12 14:55:50,158 - sauce_connect:0 - INFO - GET http://www.findaport.com/images/main_link_tour.gif -> 200 (454ms)
2013-11-12 14:55:50,345 - sauce_connect:0 - INFO - GET http://www.findaport.com/images/main_link_info.gif -> 200 (445ms)
2013-11-12 14:55:50,388 - sauce_connect:0 - INFO - GET http://www.google-analytics.com/__utm.gif?utmwv=5.4.5&utms=1&utmn=519599710&utmhn=www.findaport.com&utmcs=UTF-8&utmsr=1024x768&utmvp=1008x705&utmsc=24-bit&utmul=en-us&utmje=1&utmfl=11.7%20r700&utmdt=Findaport.com%20%E2%80%93%20Online%20Port%20Information&utmhid=1674181105&utmr=-&utmp=%2F&utmht=1384239347596&utmac=UA-6463293-7&utmcc=__utma%3D138490404.656890074.1384239348.1384239348.1384239348.1%3B%2B__utmz%3D138490404.1384239348.1.1.utmcsr%3D(direct)%7Cutmccn%3D(direct)%7Cutmcmd%3D(none)%3B&utmu=q~ -> 200 (196ms)
2013-11-12 14:55:50,538 - sauce_connect:0 - INFO - GET http://www.findaport.com/images/footer_bg.gif -> 200 (253ms)
2013-11-12 14:55:50,563 - sauce_connect:0 - INFO - GET http://www.findaport.com/images/main_link_signup.gif -> 200 (447ms)
2013-11-12 14:55:50,644 - sauce_connect:0 - INFO - GET http://www.findaport.com/images/main_link_faq.gif -> 200 (447ms)
2013-11-12 14:55:50,736 - sauce_connect:0 - INFO - GET http://www.findaport.com/images/fap_logo_white.jpg -> 200 (450ms)
2013-11-12 14:55:51,421 - sauce_connect:0 - INFO - GET http://www.findaport.com/images/closelabel.gif -> 200 (253ms)
2013-11-12 14:55:51,424 - sauce_connect:0 - INFO - GET http://www.findaport.com/images/loading.gif -> 200 (449ms)
2013-11-12 14:55:51,815 - sauce_connect:0 - INFO - GET http://www.findaport.com/stylesheets/spinner.gif -> 404 (452ms)
2013-11-12 14:55:52,226 - sauce_connect:0 - INFO - GET http://www.findaport.com/welcome -> 200 (265ms)
2013-11-12 14:55:52,599 - sauce_connect:0 - INFO - GET http://www.findaport.com/favicon.ico -> 200 (445ms)
2013-11-12 14:55:56,562 - sauce_connect:0 - INFO - received SIGINT
2013-11-12 14:59:48,405 - sauce_connect:554 - INFO - / Starting \
2013-11-12 14:59:48,411 - sauce_connect:555 - INFO - Please wait for "You may start your tests" to start your tests.
2013-11-12 14:59:48,417 - sauce_connect:567 - DEBUG - System is 8.0 hours off UTC
2013-11-12 14:59:48,421 - sauce_connect:569 - DEBUG - options: {'user': 'zaczheng_github', 'ports': ['64182'], 'domains': ['sauce-connect.proxy'], 'debug_ssh': False, 'tunnel_ports': ['80'], 'allow_unclean_exit': False, 'rest_url': 'https://saucelabs.com/rest/v1', 'logfile': 'sauce_connect.log', 'squid_opts': '', 'ssh': False, 'se_port': '4445', 'readyfile': 'sauce_connect.ready', 'shared_tunnel': False, 'boost_mode': True, 'tunnel_identifier': '', 'ssh_port': 443, 'fast_fail_regexps': '', 'direct_domains': '', 'host': '127.0.0.1', 'quiet': False, 'latency_log': 150, 'use_ssh_config': False}
2013-11-12 14:59:48,423 - sauce_connect:570 - DEBUG - metadata: {'PythonVersion': '2.5.1', 'OwnerHost': '127.0.0.1', 'Release': '3.0-r25', 'OwnerPorts': ['64182'], 'Ports': ['80'], 'Platform': 'Java-1.6.0_65-Java_HotSpot-TM-_64-Bit_Server_VM,_20.65-b04-462,_Apple_Inc.-on-Mac_OS_X-10.9-x86_64', 'Build': '38', 'ScriptRelease': 38, 'ScriptName': 'sauce_connect'}
2013-11-12 14:59:48,424 - sauce_connect:572 - INFO - Forwarding: ['sauce-connect.proxy']:['80'] -> 127.0.0.1:['64182']
2013-11-12 14:59:48,438 - sauce_connect:371 - INFO - Succesfully connected to local server 127.0.0.1:64182 in 8ms
2013-11-12 14:59:50,200 - sauce_connect:234 - INFO - {"squid_config":null,"use_caching_proxy":true,"metadata":{"PythonVersion":"2.5.1","OwnerHost":"127.0.0.1","Release":"3.0-r25","OwnerPorts":["64182"],"Ports":["80"],"Platform":"Java-1.6.0_65-Java_HotSpot-TM-_64-Bit_Server_VM,_20.65-b04-462,_Apple_Inc.-on-Mac_OS_X-10.9-x86_64","Build":"38","ScriptRelease":38,"ScriptName":"sauce_connect"},"use_kgp":true,"tunnel_identifier":"","shared_tunnel":false,"fast_fail_regexps":null,"ssh_port":443,"direct_domains":null,"domain_names":["sauce-connect.proxy"]}
2013-11-12 14:59:55,530 - sauce_connect:246 - INFO - Tunnel remote VM is provisioned (7176c95c747d4534b05a7cf5d899d4e6)
2013-11-12 14:59:56,276 - sauce_connect:264 - INFO - Tunnel remote VM is booting ..
2013-11-12 15:00:23,428 - sauce_connect:268 - INFO - Tunnel remote VM is running at maki5098.miso.saucelabs.com
2013-11-12 15:00:23,447 - sauce_connect:371 - INFO - Succesfully connected to local server 127.0.0.1:64182 in 0ms
2013-11-12 15:00:23,450 - sauce_connect:642 - INFO - Starting connection to tunnel host...
2013-11-12 15:00:23,453 - sauce_connect:642 - INFO - Connecting to tunnel host maki5098.miso.saucelabs.com as zaczheng_github
2013-11-12 15:00:23,553 - sauce_connect:642 - INFO - Forwarding Selenium with ephemeral port 64208
2013-11-12 15:00:23,559 - sauce_connect:642 - INFO - Selenium HTTP proxy listening on port 4445
2013-11-12 15:00:24,766 - sauce_connect:0 - INFO - Successful handshake with Sauce Connect server
2013-11-12 15:00:24,956 - sauce_connect:0 - INFO - Tunnel host version: 0.1.0, remote endpoint ID: 92ce0937dca24387973a6d59aa7d9cd8
2013-11-12 15:00:24,957 - sauce_connect:642 - INFO - Connected! You may start your tests.
2013-11-12 15:00:32,819 - sauce_connect:0 - INFO - GET http://www.findaport.com/ -> 200 (1171ms)
2013-11-12 15:00:33,647 - sauce_connect:0 - INFO - GET http://www.findaport.com/javascripts/prototype.js?1347359655 -> 200 (465ms)
2013-11-12 15:00:34,628 - sauce_connect:0 - INFO - GET http://www.findaport.com/javascripts/effects.js?1347359654 -> 200 (460ms)
2013-11-12 15:00:35,599 - sauce_connect:0 - INFO - GET http://www.findaport.com/javascripts/controls.js?1347359654 -> 200 (533ms)
2013-11-12 15:00:36,319 - sauce_connect:0 - INFO - GET http://www.findaport.com/javascripts/builder.js?1347359654 -> 200 (484ms)
2013-11-12 15:00:37,046 - sauce_connect:0 - INFO - GET http://www.findaport.com/javascripts/dragdrop.js?1347359654 -> 200 (505ms)
2013-11-12 15:00:37,726 - sauce_connect:0 - INFO - GET http://www.findaport.com/javascripts/rails.js?1347359655 -> 200 (452ms)
2013-11-12 15:00:38,618 - sauce_connect:0 - INFO - GET http://www.findaport.com/javascripts/lib/cookies.js?1347359654 -> 200 (445ms)
2013-11-12 15:00:39,223 - sauce_connect:0 - INFO - GET http://www.findaport.com/javascripts/lib/zenpow/string.js?1347359655 -> 200 (256ms)
2013-11-12 15:00:40,055 - sauce_connect:0 - INFO - GET http://www.findaport.com/javascripts/lib/zenpow/array.js?1347359655 -> 200 (258ms)
2013-11-12 15:00:40,648 - sauce_connect:0 - INFO - GET http://www.findaport.com/javascripts/lib/zenpow/form.js?1347359655 -> 200 (253ms)
2013-11-12 15:00:41,305 - sauce_connect:0 - INFO - GET http://www.findaport.com/javascripts/lib/zenpow/utils.js?1375685167 -> 200 (446ms)
2013-11-12 15:00:41,907 - sauce_connect:0 - INFO - GET http://www.findaport.com/javascripts/user_interface/config.js?1375685167 -> 200 (254ms)
2013-11-12 15:00:42,415 - sauce_connect:0 - INFO - GET http://www.findaport.com/javascripts/user_interface/welcome_message.js?1347359655 -> 200 (253ms)
2013-11-12 15:00:42,888 - sauce_connect:0 - INFO - GET http://www.findaport.com/javascripts/utils.js?1375685167 -> 200 (256ms)
2013-11-12 15:00:43,592 - sauce_connect:0 - INFO - GET http://www.findaport.com/javascripts/lib/modalbox.js?1383815211 -> 200 (453ms)
2013-11-12 15:00:44,270 - sauce_connect:0 - INFO - GET http://www.findaport.com/javascripts/lib/lightboxSEB_custom.js?1347359654 -> 200 (453ms)
2013-11-12 15:00:44,944 - sauce_connect:0 - INFO - GET http://www.findaport.com/javascripts/lib/underscore-min.js?1375685167 -> 200 (450ms)
2013-11-12 15:00:46,013 - sauce_connect:0 - INFO - GET http://www.findaport.com/javascripts/lib/jquery-1.7.2.min.js?1349336545 -> 200 (453ms)
2013-11-12 15:00:47,345 - sauce_connect:0 - INFO - GET http://www.findaport.com/javascripts/lib/jquery-ui/jquery-ui.js?1375685167 -> 200 (657ms)
2013-11-12 15:00:48,325 - sauce_connect:0 - INFO - GET http://www.findaport.com/javascripts/lib/jquery.ba-bbq.min.js?1375685167 -> 200 (447ms)
2013-11-12 15:00:48,957 - sauce_connect:0 - INFO - GET http://www.findaport.com/javascripts/jquery_setup.js?1349336545 -> 200 (253ms)
2013-11-12 15:00:49,619 - sauce_connect:0 - INFO - GET http://www.findaport.com/javascripts/lib/jquery.validate.min.js?1349336545 -> 200 (453ms)
2013-11-12 15:00:50,211 - sauce_connect:0 - INFO - GET http://www.findaport.com/javascripts/fap/helpers.js?1349336545 -> 200 (266ms)
2013-11-12 15:00:51,141 - sauce_connect:0 - INFO - GET http://www.findaport.com/javascripts/lib/jquery.tooltipster.js?1375685167 -> 200 (475ms)
2013-11-12 15:00:51,654 - sauce_connect:0 - INFO - GET http://www.findaport.com/javascripts/fap_init.js?1375685167 -> 200 (273ms)
2013-11-12 15:00:52,322 - sauce_connect:0 - INFO - GET http://www.findaport.com/stylesheets/tabs.css?1347359655 -> 200 (272ms)
2013-11-12 15:00:52,588 - sauce_connect:0 - INFO - GET http://www.findaport.com/stylesheets/modalbox.css?1383815211 -> 200 (538ms)
2013-11-12 15:00:52,595 - sauce_connect:0 - INFO - GET http://www.findaport.com/stylesheets/lightbox.css?1360656752 -> 200 (539ms)
2013-11-12 15:00:52,609 - sauce_connect:0 - INFO - GET http://www.findaport.com/stylesheets/new_pages.css?1349336545 -> 200 (550ms)
2013-11-12 15:00:52,614 - sauce_connect:0 - INFO - GET http://www.findaport.com/stylesheets/formtastic_custom.css?1383815211 -> 200 (539ms)
2013-11-12 15:00:52,801 - sauce_connect:0 - INFO - GET http://www.findaport.com/stylesheets/base.css?1383815211 -> 200 (746ms)
2013-11-12 15:00:52,819 - sauce_connect:0 - INFO - GET http://www.findaport.com/stylesheets/pages.css?1383815211 -> 200 (759ms)
2013-11-12 15:00:52,825 - sauce_connect:0 - INFO - GET http://www.findaport.com/stylesheets/search_and_dashboard.css?1375685168 -> 200 (748ms)
2013-11-12 15:00:52,825 - sauce_connect:0 - INFO - GET http://www.findaport.com/stylesheets/ports_and_countries.css?1375685168 -> 200 (751ms)
2013-11-12 15:00:52,990 - sauce_connect:0 - INFO - GET http://www.findaport.com/stylesheets/leaflet.css?1375685167 -> 200 (748ms)
2013-11-12 15:00:53,091 - sauce_connect:0 - INFO - GET http://www.findaport.com/stylesheets/tooltipster-findaport.css?1375685168 -> 200 (845ms)
2013-11-12 15:00:53,253 - sauce_connect:0 - INFO - GET http://www.findaport.com/stylesheets/leaflet.ie.css -> 200 (1005ms)
2013-11-12 15:00:53,292 - sauce_connect:0 - INFO - GET http://www.findaport.com/stylesheets/tooltipster/tooltipster.css?1375685168 -> 200 (1051ms)
2013-11-12 15:00:53,298 - sauce_connect:0 - INFO - GET http://www.findaport.com/stylesheets/map.css?1375685167 -> 200 (1052ms)
2013-11-12 15:00:53,355 - sauce_connect:0 - INFO - GET http://www.findaport.com/stylesheets/ie-fix.css?1347359655 -> 200 (1109ms)
2013-11-12 15:00:54,084 - sauce_connect:0 - INFO - GET http://www.findaport.com/images/icons/rss_blue.gif?1347359654 -> 200 (292ms)
2013-11-12 15:00:54,084 - sauce_connect:0 - INFO - GET http://www.findaport.com/images/rightarrow.png?1375685313 -> 200 (292ms)
2013-11-12 15:00:54,289 - sauce_connect:0 - INFO - GET http://i.creativecommons.org/l/by-nc-sa/3.0/80x15.png -> 200 (483ms)
2013-11-12 15:00:54,295 - sauce_connect:0 - INFO - GET http://www.findaport.com/images/findaport_logo.jpg?1360656752 -> 200 (514ms)
2013-11-12 15:00:54,302 - sauce_connect:0 - INFO - GET http://www.findaport.com/images/freetrial.png?1375685313 -> 200 (516ms)
2013-11-12 15:00:54,303 - sauce_connect:0 - INFO - GET http://www.findaport.com/images/sampleport.png?1375685313 -> 200 (518ms)
2013-11-12 15:00:54,309 - sauce_connect:0 - INFO - GET http://www.findaport.com/images/fap_logo_white.jpg -> 200 (518ms)
2013-11-12 15:00:54,372 - sauce_connect:0 - INFO - GET http://www.findaport.com/images/inner_br.gif -> 200 (288ms)
2013-11-12 15:00:54,382 - sauce_connect:0 - INFO - GET http://www.findaport.com/images/button_button.gif -> 200 (575ms)
2013-11-12 15:00:54,384 - sauce_connect:0 - INFO - GET http://www.findaport.com/images/button_border_background.gif -> 200 (579ms)
2013-11-12 15:00:54,437 - sauce_connect:0 - INFO - GET http://www.findaport.com/images/button_divider.gif -> 200 (576ms)
2013-11-12 15:00:54,437 - sauce_connect:0 - INFO - GET http://www.findaport.com/images/bluebox_t.gif -> 200 (576ms)
2013-11-12 15:00:54,487 - sauce_connect:0 - INFO - GET http://www.findaport.com/images/inner_tr.gif -> 200 (625ms)
2013-11-12 15:00:54,676 - sauce_connect:0 - INFO - GET http://www.findaport.com/images/welcome_repeat_bg.gif -> 200 (814ms)
2013-11-12 15:00:54,677 - sauce_connect:0 - INFO - GET http://www.findaport.com/images/inner_tl.gif -> 200 (814ms)
2013-11-12 15:00:54,710 - sauce_connect:0 - INFO - GET http://www.google-analytics.com/ga.js -> 200 (932ms)
2013-11-12 15:00:54,720 - sauce_connect:0 - INFO - GET http://www.findaport.com/images/welcome_bg.gif -> 200 (857ms)
2013-11-12 15:00:54,841 - sauce_connect:0 - INFO - GET http://www.findaport.com/images/button_border_left.gif -> 200 (297ms)
2013-11-12 15:00:54,852 - sauce_connect:0 - INFO - GET http://www.findaport.com/images/footer_bg.gif -> 200 (295ms)
2013-11-12 15:00:54,875 - sauce_connect:0 - INFO - GET http://www.findaport.com/images/home_map_ani.gif?1347359654 -> 200 (1072ms)
2013-11-12 15:00:54,900 - sauce_connect:0 - INFO - GET http://www.findaport.com/images/inner_bl.gif -> 200 (296ms)
2013-11-12 15:00:54,920 - sauce_connect:0 - INFO - GET http://www.findaport.com/images/button_border_bottom.gif -> 200 (316ms)
2013-11-12 15:00:54,973 - sauce_connect:0 - INFO - GET http://www.findaport.com/images/main_link_info.gif -> 200 (971ms)
2013-11-12 15:00:54,973 - sauce_connect:0 - INFO - GET http://www.findaport.com/images/welcome_bullet_ff.gif -> 200 (1108ms)
2013-11-12 15:00:54,973 - sauce_connect:0 - INFO - GET http://twitter-badges.s3.amazonaws.com/twitter-a.png -> 200 (1167ms)
2013-11-12 15:00:54,987 - sauce_connect:0 - INFO - GET http://www.findaport.com/images/main_link_signup.gif -> 200 (526ms)
2013-11-12 15:00:54,994 - sauce_connect:0 - INFO - GET http://www.findaport.com/images/bluebox_b.gif -> 200 (312ms)
2013-11-12 15:00:54,994 - sauce_connect:0 - INFO - GET http://www.findaport.com/images/t.gif -> 200 (313ms)
2013-11-12 15:00:54,997 - sauce_connect:0 - INFO - GET http://www.findaport.com/images/tl.gif -> 200 (308ms)
2013-11-12 15:00:55,091 - sauce_connect:0 - INFO - GET http://www.findaport.com/javascripts/lib/smoothscrolling.js?1347359654 -> 200 (534ms)
2013-11-12 15:00:55,237 - sauce_connect:0 - INFO - GET http://www.findaport.com/images/br.gif -> 200 (298ms)
2013-11-12 15:00:55,296 - sauce_connect:0 - INFO - GET http://www.findaport.com/images/tr.gif -> 200 (606ms)
2013-11-12 15:00:55,296 - sauce_connect:0 - INFO - GET http://www.findaport.com/images/b.gif -> 200 (603ms)
2013-11-12 15:00:55,299 - sauce_connect:0 - INFO - GET http://www.findaport.com/images/bl.gif -> 200 (603ms)
2013-11-12 15:00:55,421 - sauce_connect:0 - INFO - GET http://www.google-analytics.com/__utm.gif?utmwv=5.4.5&utms=1&utmn=1397316483&utmhn=www.findaport.com&utmcs=utf-8&utmsr=1024x768&utmvp=1004x638&utmsc=24-bit&utmul=en-us&utmje=1&utmfl=11.9%20r900&utmdt=Findaport.com%20%E2%80%93%20Online%20Port%20Information&utmhid=548783818&utmr=-&utmp=%2F&utmht=1384239655000&utmac=UA-6463293-7&utmcc=__utma%3D138490404.1993907877.1384239655.1384239655.1384239655.1%3B%2B__utmz%3D138490404.1384239655.1.1.utmcsr%3D(direct)%7Cutmccn%3D(direct)%7Cutmcmd%3D(none)%3B&utmu=q~ -> 200 (243ms)
2013-11-12 15:00:55,473 - sauce_connect:0 - INFO - GET http://www.findaport.com/images/button_border_right.gif -> 200 (302ms)
2013-11-12 15:00:55,509 - sauce_connect:0 - INFO - GET http://www.findaport.com/images/main_link_tour.gif -> 200 (541ms)
2013-11-12 15:00:55,714 - sauce_connect:0 - INFO - GET http://www.findaport.com/images/main_link_faq.gif -> 200 (550ms)
2013-11-12 15:00:56,309 - sauce_connect:0 - INFO - GET http://www.findaport.com/favicon.ico -> 200 (309ms)
2013-11-12 15:00:56,378 - sauce_connect:0 - INFO - GET http://www.findaport.com/stylesheets/spinner.gif -> 404 (317ms)
2013-11-12 15:00:56,558 - sauce_connect:0 - INFO - GET http://www.findaport.com/images/closelabel.gif -> 200 (310ms)
2013-11-12 15:00:56,625 - sauce_connect:0 - INFO - GET http://www.findaport.com/images/loading.gif -> 200 (564ms)
2013-11-12 15:00:57,401 - sauce_connect:0 - INFO - GET http://www.findaport.com/welcome -> 200 (577ms)
2013-11-12 15:01:12,665 - sauce_connect:0 - INFO - GET http://www.findaport.com/ -> 200 (1070ms)
2013-11-12 15:01:13,448 - sauce_connect:0 - INFO - GET http://www.findaport.com/javascripts/prototype.js?1347359655 -> 200 (463ms)
2013-11-12 15:01:13,660 - sauce_connect:0 - INFO - GET http://www.findaport.com/stylesheets/modalbox.css?1383815211 -> 200 (508ms)
2013-11-12 15:01:13,661 - sauce_connect:0 - INFO - GET http://www.findaport.com/stylesheets/lightbox.css?1360656752 -> 200 (508ms)
2013-11-12 15:01:13,661 - sauce_connect:0 - INFO - GET http://www.findaport.com/stylesheets/tabs.css?1347359655 -> 200 (509ms)
2013-11-12 15:01:13,693 - sauce_connect:0 - INFO - GET http://www.findaport.com/javascripts/effects.js?1347359654 -> 200 (707ms)
2013-11-12 15:01:13,858 - sauce_connect:0 - INFO - GET http://www.findaport.com/stylesheets/base.css?1383815211 -> 200 (705ms)
2013-11-12 15:01:14,138 - sauce_connect:0 - INFO - GET http://www.findaport.com/stylesheets/new_pages.css?1349336545 -> 200 (261ms)
2013-11-12 15:01:14,319 - sauce_connect:0 - INFO - GET http://www.findaport.com/stylesheets/formtastic_custom.css?1383815211 -> 200 (258ms)
2013-11-12 15:01:14,331 - sauce_connect:0 - INFO - GET http://www.findaport.com/stylesheets/ports_and_countries.css?1375685168 -> 200 (451ms)
2013-11-12 15:01:14,332 - sauce_connect:0 - INFO - GET http://www.findaport.com/stylesheets/pages.css?1383815211 -> 200 (454ms)
2013-11-12 15:01:14,510 - sauce_connect:0 - INFO - GET http://www.findaport.com/stylesheets/search_and_dashboard.css?1375685168 -> 200 (449ms)
2013-11-12 15:01:14,707 - sauce_connect:0 - INFO - GET http://www.findaport.com/stylesheets/tooltipster/tooltipster.css?1375685168 -> 200 (446ms)
2013-11-12 15:01:14,792 - sauce_connect:0 - INFO - GET http://www.findaport.com/stylesheets/tooltipster-findaport.css?1375685168 -> 200 (253ms)
2013-11-12 15:01:14,999 - sauce_connect:0 - INFO - GET http://www.findaport.com/stylesheets/map.css?1375685167 -> 200 (446ms)
2013-11-12 15:01:15,000 - sauce_connect:0 - INFO - GET http://www.findaport.com/stylesheets/leaflet.css?1375685167 -> 200 (450ms)
2013-11-12 15:01:15,101 - sauce_connect:0 - INFO - GET http://www.findaport.com/javascripts/controls.js?1347359654 -> 200 (449ms)
2013-11-12 15:01:15,298 - sauce_connect:0 - INFO - GET http://www.findaport.com/javascripts/builder.js?1347359654 -> 200 (451ms)
2013-11-12 15:01:15,489 - sauce_connect:0 - INFO - GET http://www.findaport.com/javascripts/lib/zenpow/string.js?1347359655 -> 200 (253ms)
2013-11-12 15:01:15,496 - sauce_connect:0 - INFO - GET http://www.findaport.com/javascripts/dragdrop.js?1347359654 -> 200 (457ms)
2013-11-12 15:01:15,654 - sauce_connect:0 - INFO - GET http://www.findaport.com/javascripts/rails.js?1347359655 -> 200 (446ms)
2013-11-12 15:01:15,680 - sauce_connect:0 - INFO - GET http://www.findaport.com/javascripts/lib/zenpow/array.js?1347359655 -> 200 (252ms)
2013-11-12 15:01:15,680 - sauce_connect:0 - INFO - GET http://www.findaport.com/javascripts/lib/cookies.js?1347359654 -> 200 (445ms)
2013-11-12 15:01:15,877 - sauce_connect:0 - INFO - GET http://www.findaport.com/javascripts/lib/zenpow/form.js?1347359655 -> 200 (255ms)
2013-11-12 15:01:16,068 - sauce_connect:0 - INFO - GET http://www.findaport.com/javascripts/user_interface/config.js?1375685167 -> 200 (253ms)
2013-11-12 15:01:16,150 - sauce_connect:0 - INFO - GET http://www.findaport.com/javascripts/user_interface/welcome_message.js?1347359655 -> 200 (254ms)
2013-11-12 15:01:16,164 - sauce_connect:0 - INFO - GET http://www.findaport.com/javascripts/lib/zenpow/utils.js?1375685167 -> 200 (447ms)
2013-11-12 15:01:16,259 - sauce_connect:0 - INFO - GET http://www.findaport.com/javascripts/utils.js?1375685167 -> 200 (253ms)
2013-11-12 15:01:16,454 - sauce_connect:0 - INFO - GET http://www.findaport.com/javascripts/lib/modalbox.js?1383815211 -> 200 (448ms)
2013-11-12 15:01:16,772 - sauce_connect:0 - INFO - GET http://www.findaport.com/javascripts/lib/lightboxSEB_custom.js?1347359654 -> 200 (452ms)
2013-11-12 15:01:16,832 - sauce_connect:0 - INFO - GET http://www.findaport.com/javascripts/lib/underscore-min.js?1375685167 -> 200 (447ms)
2013-11-12 15:01:16,851 - sauce_connect:0 - INFO - GET http://www.findaport.com/javascripts/lib/jquery-1.7.2.min.js?1349336545 -> 200 (465ms)
2013-11-12 15:01:17,039 - sauce_connect:0 - INFO - GET http://www.findaport.com/javascripts/lib/jquery.ba-bbq.min.js?1375685167 -> 200 (453ms)
2013-11-12 15:01:17,069 - sauce_connect:0 - INFO - GET http://www.findaport.com/javascripts/jquery_setup.js?1349336545 -> 200 (287ms)
2013-11-12 15:01:17,282 - sauce_connect:0 - INFO - GET http://www.findaport.com/javascripts/lib/jquery-ui/jquery-ui.js?1375685167 -> 200 (890ms)
2013-11-12 15:01:17,440 - sauce_connect:0 - INFO - GET http://www.findaport.com/javascripts/fap/helpers.js?1349336545 -> 200 (256ms)
2013-11-12 15:01:17,499 - sauce_connect:0 - INFO - GET http://www.findaport.com/javascripts/lib/jquery.validate.min.js?1349336545 -> 200 (449ms)
2013-11-12 15:01:17,562 - sauce_connect:0 - INFO - GET http://www.findaport.com/javascripts/fap_init.js?1375685167 -> 200 (252ms)
2013-11-12 15:01:17,631 - sauce_connect:0 - INFO - GET http://www.findaport.com/javascripts/lib/jquery.tooltipster.js?1375685167 -> 200 (447ms)
2013-11-12 15:01:17,826 - sauce_connect:0 - INFO - GET http://www.findaport.com/javascripts/lib/smoothscrolling.js?1347359654 -> 200 (449ms)
2013-11-12 15:01:18,299 - sauce_connect:0 - INFO - GET http://www.findaport.com/images/rightarrow.png?1375685313 -> 200 (255ms)
2013-11-12 15:01:18,299 - sauce_connect:0 - INFO - GET http://www.findaport.com/images/icons/rss_blue.gif?1347359654 -> 200 (253ms)
2013-11-12 15:01:18,336 - sauce_connect:0 - INFO - GET http://www.findaport.com/images/button_border_left.gif -> 200 (251ms)
2013-11-12 15:01:18,339 - sauce_connect:0 - INFO - GET http://www.findaport.com/images/findaport_logo.jpg?1360656752 -> 200 (448ms)
2013-11-12 15:01:18,348 - sauce_connect:0 - INFO - GET http://www.findaport.com/images/freetrial.png?1375685313 -> 200 (446ms)
2013-11-12 15:01:18,500 - sauce_connect:0 - INFO - GET http://www.findaport.com/images/sampleport.png?1375685313 -> 200 (452ms)
2013-11-12 15:01:18,632 - sauce_connect:0 - INFO - GET http://www.google-analytics.com/ga.js -> 200 (586ms)
2013-11-12 15:01:18,779 - sauce_connect:0 - INFO - GET http://twitter-badges.s3.amazonaws.com/twitter-a.png -> 200 (733ms)
2013-11-12 15:01:18,813 - sauce_connect:0 - INFO - GET http://www.findaport.com/images/button_border_background.gif -> 200 (254ms)
2013-11-12 15:01:18,826 - sauce_connect:0 - INFO - GET http://www.findaport.com/images/button_button.gif -> 200 (254ms)
2013-11-12 15:01:18,960 - sauce_connect:0 - INFO - GET http://www.findaport.com/images/button_divider.gif -> 200 (252ms)
2013-11-12 15:01:18,960 - sauce_connect:0 - INFO - GET http://www.findaport.com/images/button_border_right.gif -> 200 (252ms)
2013-11-12 15:01:19,157 - sauce_connect:0 - INFO - GET http://www.findaport.com/images/button_border_bottom.gif -> 200 (258ms)
2013-11-12 15:01:19,338 - sauce_connect:0 - INFO - GET http://www.findaport.com/images/bluebox_t.gif -> 200 (253ms)
2013-11-12 15:01:19,348 - sauce_connect:0 - INFO - GET http://www.findaport.com/images/bluebox_b.gif -> 200 (252ms)
2013-11-12 15:01:19,407 - sauce_connect:0 - INFO - GET http://www.findaport.com/images/home_map_ani.gif?1347359654 -> 200 (835ms)
2013-11-12 15:01:19,552 - sauce_connect:0 - INFO - GET http://www.findaport.com/images/tl.gif -> 200 (263ms)
2013-11-12 15:01:19,706 - sauce_connect:0 - INFO - GET http://www.findaport.com/images/t.gif -> 200 (446ms)
2013-11-12 15:01:19,882 - sauce_connect:0 - INFO - GET http://www.findaport.com/images/welcome_repeat_bg.gif -> 200 (254ms)
2013-11-12 15:01:19,937 - sauce_connect:0 - INFO - GET http://www.findaport.com/images/tr.gif -> 200 (445ms)
2013-11-12 15:01:19,940 - sauce_connect:0 - INFO - GET http://www.findaport.com/images/inner_tl.gif -> 200 (255ms)
2013-11-12 15:01:20,084 - sauce_connect:0 - INFO - GET http://www.findaport.com/images/welcome_bg.gif -> 200 (445ms)
2013-11-12 15:01:20,130 - sauce_connect:0 - INFO - GET http://www.findaport.com/images/inner_tr.gif -> 200 (253ms)
2013-11-12 15:01:20,323 - sauce_connect:0 - INFO - GET http://www.findaport.com/images/inner_bl.gif -> 200 (254ms)
2013-11-12 15:01:20,562 - sauce_connect:0 - INFO - GET http://www.findaport.com/images/b.gif -> 200 (254ms)
2013-11-12 15:01:20,562 - sauce_connect:0 - INFO - GET http://www.findaport.com/images/inner_br.gif -> 200 (254ms)
2013-11-12 15:01:20,720 - sauce_connect:0 - INFO - GET http://www.findaport.com/images/bl.gif -> 200 (252ms)
2013-11-12 15:01:20,756 - sauce_connect:0 - INFO - GET http://www.findaport.com/images/welcome_bullet_ff.gif -> 200 (446ms)
2013-11-12 15:01:20,914 - sauce_connect:0 - INFO - GET http://www.findaport.com/images/br.gif -> 200 (253ms)
2013-11-12 15:01:21,164 - sauce_connect:0 - INFO - GET http://www.google-analytics.com/__utm.gif?utmwv=5.4.5&utms=1&utmn=1725334511&utmhn=www.findaport.com&utmcs=UTF-8&utmsr=1024x768&utmvp=1008x705&utmsc=24-bit&utmul=en-us&utmje=1&utmfl=11.7%20r700&utmdt=Findaport.com%20%E2%80%93%20Online%20Port%20Information&utmhid=2041748548&utmr=-&utmp=%2F&utmht=1384239678258&utmac=UA-6463293-7&utmcc=__utma%3D138490404.138442243.1384239678.1384239678.1384239678.1%3B%2B__utmz%3D138490404.1384239678.1.1.utmcsr%3D(direct)%7Cutmccn%3D(direct)%7Cutmcmd%3D(none)%3B&utmu=q~ -> 200 (195ms)
2013-11-12 15:01:21,309 - sauce_connect:0 - INFO - GET http://www.findaport.com/images/footer_bg.gif -> 200 (254ms)
2013-11-12 15:01:21,315 - sauce_connect:0 - INFO - GET http://www.findaport.com/images/main_link_tour.gif -> 200 (461ms)
2013-11-12 15:01:21,322 - sauce_connect:0 - INFO - GET http://www.findaport.com/images/main_link_info.gif -> 200 (444ms)
2013-11-12 15:01:21,326 - sauce_connect:0 - INFO - GET http://www.findaport.com/images/main_link_signup.gif -> 200 (445ms)
2013-11-12 15:01:21,414 - sauce_connect:0 - INFO - GET http://www.findaport.com/images/main_link_faq.gif -> 200 (445ms)
2013-11-12 15:01:21,693 - sauce_connect:0 - INFO - GET http://www.findaport.com/images/fap_logo_white.jpg -> 200 (444ms)
2013-11-12 15:01:22,369 - sauce_connect:0 - INFO - GET http://www.findaport.com/images/loading.gif -> 200 (449ms)
2013-11-12 15:01:22,375 - sauce_connect:0 - INFO - GET http://www.findaport.com/images/closelabel.gif -> 200 (260ms)
2013-11-12 15:01:22,763 - sauce_connect:0 - INFO - GET http://www.findaport.com/stylesheets/spinner.gif -> 404 (451ms)
2013-11-12 15:01:22,983 - sauce_connect:0 - INFO - GET http://www.findaport.com/welcome -> 200 (274ms)
2013-11-12 15:01:23,609 - sauce_connect:0 - INFO - GET http://www.findaport.com/favicon.ico -> 200 (448ms)
2013-11-12 15:01:37,872 - sauce_connect:0 - INFO - GET http://www.findaport.com/ -> 200 (1215ms)
2013-11-12 15:01:39,733 - sauce_connect:0 - INFO - GET http://www.findaport.com/javascripts/prototype.js?1347359655 -> 200 (969ms)
2013-11-12 15:01:40,092 - sauce_connect:0 - INFO - GET http://www.findaport.com/javascripts/lib/zenpow/form.js?1347359655 -> 200 (738ms)
2013-11-12 15:01:40,094 - sauce_connect:0 - INFO - GET http://www.findaport.com/javascripts/user_interface/config.js?1375685167 -> 200 (740ms)
2013-11-12 15:01:40,095 - sauce_connect:0 - INFO - GET http://www.findaport.com/javascripts/lib/zenpow/string.js?1347359655 -> 200 (740ms)
2013-11-12 15:01:40,096 - sauce_connect:0 - INFO - GET http://www.findaport.com/javascripts/lib/zenpow/utils.js?1375685167 -> 200 (740ms)
2013-11-12 15:01:40,098 - sauce_connect:0 - INFO - GET http://www.findaport.com/javascripts/user_interface/welcome_message.js?1347359655 -> 200 (743ms)
2013-11-12 15:01:40,391 - sauce_connect:0 - INFO - GET http://www.findaport.com/javascripts/rails.js?1347359655 -> 200 (1035ms)
2013-11-12 15:01:40,398 - sauce_connect:0 - INFO - GET http://www.findaport.com/javascripts/lib/modalbox.js?1383815211 -> 200 (1039ms)
2013-11-12 15:01:40,614 - sauce_connect:0 - INFO - GET http://www.findaport.com/javascripts/utils.js?1375685167 -> 200 (1253ms)
2013-11-12 15:01:40,746 - sauce_connect:0 - INFO - GET http://www.findaport.com/javascripts/effects.js?1347359654 -> 200 (1387ms)
2013-11-12 15:01:40,750 - sauce_connect:0 - INFO - GET http://www.findaport.com/javascripts/fap/helpers.js?1349336545 -> 200 (1375ms)
2013-11-12 15:01:41,026 - sauce_connect:0 - INFO - GET http://www.findaport.com/stylesheets/formtastic_custom.css?1383815211 -> 200 (370ms)
2013-11-12 15:01:41,026 - sauce_connect:0 - INFO - GET http://www.findaport.com/stylesheets/tooltipster-findaport.css?1375685168 -> 200 (371ms)
2013-11-12 15:01:41,266 - sauce_connect:0 - INFO - GET http://www.findaport.com/javascripts/lib/lightboxSEB_custom.js?1347359654 -> 200 (1903ms)
2013-11-12 15:01:41,319 - sauce_connect:0 - INFO - GET http://www.findaport.com/stylesheets/tooltipster/tooltipster.css?1375685168 -> 200 (665ms)
2013-11-12 15:01:41,690 - sauce_connect:0 - INFO - GET http://www.findaport.com/javascripts/lib/cookies.js?1347359654 -> 200 (2334ms)
2013-11-12 15:01:41,989 - sauce_connect:0 - INFO - GET http://www.findaport.com/javascripts/controls.js?1347359654 -> 200 (2629ms)
2013-11-12 15:01:42,059 - sauce_connect:0 - INFO - GET http://www.findaport.com/javascripts/jquery_setup.js?1349336545 -> 200 (2688ms)
2013-11-12 15:01:42,141 - sauce_connect:0 - INFO - GET http://www.findaport.com/stylesheets/leaflet.css?1375685167 -> 200 (1480ms)
2013-11-12 15:01:42,141 - sauce_connect:0 - INFO - GET http://www.findaport.com/stylesheets/search_and_dashboard.css?1375685168 -> 200 (1485ms)
2013-11-12 15:01:42,494 - sauce_connect:0 - INFO - GET http://www.findaport.com/stylesheets/lightbox.css?1360656752 -> 200 (3108ms)
2013-11-12 15:01:42,628 - sauce_connect:0 - INFO - GET http://www.findaport.com/stylesheets/tabs.css?1347359655 -> 200 (3246ms)
2013-11-12 15:01:42,630 - sauce_connect:0 - INFO - GET http://www.findaport.com/stylesheets/modalbox.css?1383815211 -> 200 (3248ms)
2013-11-12 15:01:42,848 - sauce_connect:0 - INFO - GET http://www.findaport.com/stylesheets/new_pages.css?1349336545 -> 200 (3459ms)
2013-11-12 15:01:42,898 - sauce_connect:0 - INFO - GET http://www.findaport.com/stylesheets/map.css?1375685167 -> 200 (1953ms)
2013-11-12 15:01:42,923 - sauce_connect:0 - INFO - GET http://www.findaport.com/javascripts/lib/jquery.validate.min.js?1349336545 -> 200 (3544ms)
2013-11-12 15:01:43,278 - sauce_connect:0 - INFO - GET http://www.findaport.com/javascripts/lib/zenpow/array.js?1347359655 -> 200 (3917ms)
2013-11-12 15:01:43,496 - sauce_connect:0 - INFO - GET http://www.findaport.com/javascripts/builder.js?1347359654 -> 200 (4134ms)
2013-11-12 15:01:43,552 - sauce_connect:0 - INFO - GET http://www.findaport.com/javascripts/dragdrop.js?1347359654 -> 200 (4191ms)
2013-11-12 15:01:43,634 - sauce_connect:0 - INFO - GET http://www.findaport.com/javascripts/lib/jquery-1.7.2.min.js?1349336545 -> 200 (4269ms)
2013-11-12 15:01:43,729 - sauce_connect:0 - INFO - GET http://www.findaport.com/stylesheets/base.css?1383815211 -> 200 (4344ms)
2013-11-12 15:01:44,265 - sauce_connect:0 - INFO - GET http://www.findaport.com/javascripts/lib/jquery.tooltipster.js?1375685167 -> 200 (4883ms)
2013-11-12 15:01:44,311 - sauce_connect:0 - INFO - GET http://www.findaport.com/javascripts/lib/underscore-min.js?1375685167 -> 200 (4947ms)
2013-11-12 15:01:44,875 - sauce_connect:0 - INFO - GET http://www.findaport.com/javascripts/lib/jquery.ba-bbq.min.js?1375685167 -> 200 (5509ms)
2013-11-12 15:01:47,865 - sauce_connect:0 - INFO - Sauce Connect connection stalled! 73/76 acks, 3726ms since last recv, 2776ms timeout exceeded, min ack: 203
2013-11-12 15:01:47,868 - sauce_connect:0 - INFO - disconnected from Sauce Connect server
2013-11-12 15:01:47,868 - sauce_connect:0 - INFO - connection to Sauce Connect server closed
2013-11-12 15:01:50,312 - sauce_connect:0 - INFO - Successful handshake with Sauce Connect server
2013-11-12 15:01:50,315 - sauce_connect:0 - INFO - resending 4 packets
2013-11-12 15:01:50,630 - sauce_connect:0 - INFO - Tunnel host version: 0.1.0, remote endpoint ID: 92ce0937dca24387973a6d59aa7d9cd8
2013-11-12 15:05:05,381 - sauce_connect:0 - INFO - received SIGINT
2013-11-12 15:06:30,617 - sauce_connect:554 - INFO - / Starting \
2013-11-12 15:06:30,621 - sauce_connect:555 - INFO - Please wait for "You may start your tests" to start your tests.
2013-11-12 15:06:30,627 - sauce_connect:567 - DEBUG - System is 8.0 hours off UTC
2013-11-12 15:06:30,630 - sauce_connect:569 - DEBUG - options: {'user': 'zaczheng_github', 'ports': ['64706'], 'domains': ['sauce-connect.proxy'], 'debug_ssh': False, 'tunnel_ports': ['80'], 'allow_unclean_exit': False, 'rest_url': 'https://saucelabs.com/rest/v1', 'logfile': 'sauce_connect.log', 'squid_opts': '', 'ssh': False, 'se_port': '4445', 'readyfile': 'sauce_connect.ready', 'shared_tunnel': False, 'boost_mode': True, 'tunnel_identifier': '', 'ssh_port': 443, 'fast_fail_regexps': '', 'direct_domains': '', 'host': '127.0.0.1', 'quiet': False, 'latency_log': 150, 'use_ssh_config': False}
2013-11-12 15:06:30,631 - sauce_connect:570 - DEBUG - metadata: {'PythonVersion': '2.5.1', 'OwnerHost': '127.0.0.1', 'Release': '3.0-r25', 'OwnerPorts': ['64706'], 'Ports': ['80'], 'Platform': 'Java-1.6.0_65-Java_HotSpot-TM-_64-Bit_Server_VM,_20.65-b04-462,_Apple_Inc.-on-Mac_OS_X-10.9-x86_64', 'Build': '38', 'ScriptRelease': 38, 'ScriptName': 'sauce_connect'}
2013-11-12 15:06:30,631 - sauce_connect:572 - INFO - Forwarding: ['sauce-connect.proxy']:['80'] -> 127.0.0.1:['64706']
2013-11-12 15:06:30,647 - sauce_connect:371 - INFO - Succesfully connected to local server 127.0.0.1:64706 in 6ms
2013-11-12 15:06:32,424 - sauce_connect:234 - INFO - {"squid_config":null,"use_caching_proxy":true,"metadata":{"PythonVersion":"2.5.1","OwnerHost":"127.0.0.1","Release":"3.0-r25","OwnerPorts":["64706"],"Ports":["80"],"Platform":"Java-1.6.0_65-Java_HotSpot-TM-_64-Bit_Server_VM,_20.65-b04-462,_Apple_Inc.-on-Mac_OS_X-10.9-x86_64","Build":"38","ScriptRelease":38,"ScriptName":"sauce_connect"},"use_kgp":true,"tunnel_identifier":"","shared_tunnel":false,"fast_fail_regexps":null,"ssh_port":443,"direct_domains":null,"domain_names":["sauce-connect.proxy"]}
2013-11-12 15:06:37,691 - sauce_connect:246 - INFO - Tunnel remote VM is provisioned (d6d48073cb5f40d1a4f5d2d69e8d9885)
2013-11-12 15:06:38,517 - sauce_connect:264 - INFO - Tunnel remote VM is booting ..
2013-11-12 15:07:08,822 - sauce_connect:268 - INFO - Tunnel remote VM is running at maki8013.miso.saucelabs.com
2013-11-12 15:07:08,836 - sauce_connect:371 - INFO - Succesfully connected to local server 127.0.0.1:64706 in 0ms
2013-11-12 15:07:08,841 - sauce_connect:642 - INFO - Starting connection to tunnel host...
2013-11-12 15:07:08,842 - sauce_connect:642 - INFO - Connecting to tunnel host maki8013.miso.saucelabs.com as zaczheng_github
2013-11-12 15:07:08,946 - sauce_connect:642 - INFO - Forwarding Selenium with ephemeral port 64734
2013-11-12 15:07:08,953 - sauce_connect:642 - INFO - Selenium HTTP proxy listening on port 4445
2013-11-12 15:07:10,575 - sauce_connect:0 - INFO - Successful handshake with Sauce Connect server
2013-11-12 15:07:10,878 - sauce_connect:0 - INFO - Tunnel host version: 0.1.0, remote endpoint ID: d0d2efd97aa34feb9bc5f10a361b8eec
2013-11-12 15:07:10,881 - sauce_connect:642 - INFO - Connected! You may start your tests.
2013-11-12 15:07:11,250 - sauce_connect:0 - INFO - received SIGINT
2013-11-12 15:10:39,677 - sauce_connect:554 - INFO - / Starting \
2013-11-12 15:10:39,681 - sauce_connect:555 - INFO - Please wait for "You may start your tests" to start your tests.
2013-11-12 15:10:39,688 - sauce_connect:567 - DEBUG - System is 8.0 hours off UTC
2013-11-12 15:10:39,690 - sauce_connect:569 - DEBUG - options: {'user': 'zaczheng_github', 'ports': ['64846'], 'domains': ['sauce-connect.proxy'], 'debug_ssh': False, 'tunnel_ports': ['80'], 'allow_unclean_exit': False, 'rest_url': 'https://saucelabs.com/rest/v1', 'logfile': 'sauce_connect.log', 'squid_opts': '', 'ssh': False, 'se_port': '4445', 'readyfile': 'sauce_connect.ready', 'shared_tunnel': False, 'boost_mode': True, 'tunnel_identifier': '', 'ssh_port': 443, 'fast_fail_regexps': '', 'direct_domains': '', 'host': '127.0.0.1', 'quiet': False, 'latency_log': 150, 'use_ssh_config': False}
2013-11-12 15:10:39,694 - sauce_connect:570 - DEBUG - metadata: {'PythonVersion': '2.5.1', 'OwnerHost': '127.0.0.1', 'Release': '3.0-r25', 'OwnerPorts': ['64846'], 'Ports': ['80'], 'Platform': 'Java-1.6.0_65-Java_HotSpot-TM-_64-Bit_Server_VM,_20.65-b04-462,_Apple_Inc.-on-Mac_OS_X-10.9-x86_64', 'Build': '38', 'ScriptRelease': 38, 'ScriptName': 'sauce_connect'}
2013-11-12 15:10:39,696 - sauce_connect:572 - INFO - Forwarding: ['sauce-connect.proxy']:['80'] -> 127.0.0.1:['64846']
2013-11-12 15:10:39,710 - sauce_connect:371 - INFO - Succesfully connected to local server 127.0.0.1:64846 in 6ms
2013-11-12 15:10:41,158 - sauce_connect:234 - INFO - {"squid_config":null,"use_caching_proxy":true,"metadata":{"PythonVersion":"2.5.1","OwnerHost":"127.0.0.1","Release":"3.0-r25","OwnerPorts":["64846"],"Ports":["80"],"Platform":"Java-1.6.0_65-Java_HotSpot-TM-_64-Bit_Server_VM,_20.65-b04-462,_Apple_Inc.-on-Mac_OS_X-10.9-x86_64","Build":"38","ScriptRelease":38,"ScriptName":"sauce_connect"},"use_kgp":true,"tunnel_identifier":"","shared_tunnel":false,"fast_fail_regexps":null,"ssh_port":443,"direct_domains":null,"domain_names":["sauce-connect.proxy"]}
2013-11-12 15:10:45,984 - sauce_connect:246 - INFO - Tunnel remote VM is provisioned (86e3e65b32494d1083063cdd6aa7cdd0)
2013-11-12 15:10:46,746 - sauce_connect:264 - INFO - Tunnel remote VM is booting ..
2013-11-12 15:11:08,592 - sauce_connect:0 - INFO - received SIGINT
2013-11-12 15:11:32,048 - sauce_connect:554 - INFO - / Starting \
2013-11-12 15:11:32,052 - sauce_connect:555 - INFO - Please wait for "You may start your tests" to start your tests.
2013-11-12 15:11:32,059 - sauce_connect:567 - DEBUG - System is 8.0 hours off UTC
2013-11-12 15:11:32,062 - sauce_connect:569 - DEBUG - options: {'user': 'zaczheng_github', 'ports': ['64870'], 'domains': ['sauce-connect.proxy'], 'debug_ssh': False, 'tunnel_ports': ['80'], 'allow_unclean_exit': False, 'rest_url': 'https://saucelabs.com/rest/v1', 'logfile': 'sauce_connect.log', 'squid_opts': '', 'ssh': False, 'se_port': '4445', 'readyfile': 'sauce_connect.ready', 'shared_tunnel': False, 'boost_mode': True, 'tunnel_identifier': '', 'ssh_port': 443, 'fast_fail_regexps': '', 'direct_domains': '', 'host': '127.0.0.1', 'quiet': False, 'latency_log': 150, 'use_ssh_config': False}
2013-11-12 15:11:32,063 - sauce_connect:570 - DEBUG - metadata: {'PythonVersion': '2.5.1', 'OwnerHost': '127.0.0.1', 'Release': '3.0-r25', 'OwnerPorts': ['64870'], 'Ports': ['80'], 'Platform': 'Java-1.6.0_65-Java_HotSpot-TM-_64-Bit_Server_VM,_20.65-b04-462,_Apple_Inc.-on-Mac_OS_X-10.9-x86_64', 'Build': '38', 'ScriptRelease': 38, 'ScriptName': 'sauce_connect'}
2013-11-12 15:11:32,065 - sauce_connect:572 - INFO - Forwarding: ['sauce-connect.proxy']:['80'] -> 127.0.0.1:['64870']
2013-11-12 15:11:32,078 - sauce_connect:371 - INFO - Succesfully connected to local server 127.0.0.1:64870 in 6ms
2013-11-12 15:11:33,838 - sauce_connect:234 - INFO - {"squid_config":null,"use_caching_proxy":true,"metadata":{"PythonVersion":"2.5.1","OwnerHost":"127.0.0.1","Release":"3.0-r25","OwnerPorts":["64870"],"Ports":["80"],"Platform":"Java-1.6.0_65-Java_HotSpot-TM-_64-Bit_Server_VM,_20.65-b04-462,_Apple_Inc.-on-Mac_OS_X-10.9-x86_64","Build":"38","ScriptRelease":38,"ScriptName":"sauce_connect"},"use_kgp":true,"tunnel_identifier":"","shared_tunnel":false,"fast_fail_regexps":null,"ssh_port":443,"direct_domains":null,"domain_names":["sauce-connect.proxy"]}
2013-11-12 15:11:38,076 - sauce_connect:246 - INFO - Tunnel remote VM is provisioned (9026acc865b94038b3822cae695e7a47)
2013-11-12 15:11:38,855 - sauce_connect:264 - INFO - Tunnel remote VM is booting ..
2013-11-12 15:12:17,696 - sauce_connect:268 - INFO - Tunnel remote VM is running at maki76047.miso.saucelabs.com
2013-11-12 15:12:17,710 - sauce_connect:371 - INFO - Succesfully connected to local server 127.0.0.1:64870 in 0ms
2013-11-12 15:12:17,713 - sauce_connect:642 - INFO - Starting connection to tunnel host...
2013-11-12 15:12:17,713 - sauce_connect:642 - INFO - Connecting to tunnel host maki76047.miso.saucelabs.com as zaczheng_github
2013-11-12 15:12:17,813 - sauce_connect:642 - INFO - Forwarding Selenium with ephemeral port 64887
2013-11-12 15:12:17,822 - sauce_connect:642 - INFO - Selenium HTTP proxy listening on port 4445
2013-11-12 15:12:19,201 - sauce_connect:0 - INFO - Successful handshake with Sauce Connect server
2013-11-12 15:12:19,407 - sauce_connect:0 - INFO - Tunnel host version: 0.1.0, remote endpoint ID: 84dc0c924a794437920cc1c536e62290
2013-11-12 15:12:19,411 - sauce_connect:642 - INFO - Connected! You may start your tests.
2013-11-12 15:12:19,880 - sauce_connect:0 - INFO - received SIGINT
